d:\vistudio\patterns\visitor\visitor\debug\visitor.pch
d:\vistudio\patterns\visitor\visitor\debug\vc140.pdb
d:\vistudio\patterns\visitor\visitor\debug\vc140.idb
d:\vistudio\patterns\visitor\visitor\debug\stdafx.obj
d:\vistudio\patterns\visitor\visitor\debug\main.obj
d:\vistudio\patterns\visitor\visitor\debug\visitor.obj
d:\vistudio\patterns\visitor\debug\visitor.ilk
d:\vistudio\patterns\visitor\debug\visitor.exe
d:\vistudio\patterns\visitor\debug\visitor.pdb
c:\users\dell\desktop\targets\18-23\visitor\visitor\debug\main.obj
c:\users\dell\desktop\targets\18-23\visitor\visitor\debug\stdafx.obj
c:\users\dell\desktop\targets\18-23\visitor\visitor\debug\visitor.obj
c:\users\dell\desktop\targets\18-23\visitor\visitor\debug\visitor.pch
c:\users\dell\desktop\targets\18-23\visitor\visitor\debug\vc140.idb
c:\users\dell\desktop\targets\18-23\visitor\visitor\debug\vc140.pdb
c:\users\dell\desktop\targets\18-23\visitor\debug\visitor.pdb
c:\users\dell\desktop\targets\18-23\visitor\debug\visitor.exe
c:\users\dell\desktop\targets\18-23\visitor\debug\visitor.ilk
c:\users\dell\desktop\targets\18-23\visitor\visitor\debug\visitor.tlog\cl.command.1.tlog
c:\users\dell\desktop\targets\18-23\visitor\visitor\debug\visitor.tlog\cl.read.1.tlog
c:\users\dell\desktop\targets\18-23\visitor\visitor\debug\visitor.tlog\cl.write.1.tlog
c:\users\dell\desktop\targets\18-23\visitor\visitor\debug\visitor.tlog\link.command.1.tlog
c:\users\dell\desktop\targets\18-23\visitor\visitor\debug\visitor.tlog\link.read.1.tlog
c:\users\dell\desktop\targets\18-23\visitor\visitor\debug\visitor.tlog\link.write.1.tlog
