c:\users\dell\desktop\give\programming\strategy\strategy\debug\strategy.pch
c:\users\dell\desktop\give\programming\strategy\strategy\debug\vc140.pdb
c:\users\dell\desktop\give\programming\strategy\strategy\debug\vc140.idb
c:\users\dell\desktop\give\programming\strategy\strategy\debug\stdafx.obj
c:\users\dell\desktop\give\programming\strategy\strategy\debug\main.obj
c:\users\dell\desktop\give\programming\strategy\strategy\debug\strategy.obj
c:\users\dell\desktop\give\programming\strategy\debug\strategy.ilk
c:\users\dell\desktop\give\programming\strategy\debug\strategy.exe
c:\users\dell\desktop\give\programming\strategy\debug\strategy.pdb
c:\users\dell\desktop\targets\18-23\strategy\strategy\debug\main.obj
c:\users\dell\desktop\targets\18-23\strategy\strategy\debug\stdafx.obj
c:\users\dell\desktop\targets\18-23\strategy\strategy\debug\strategy.obj
c:\users\dell\desktop\targets\18-23\strategy\strategy\debug\strategy.pch
c:\users\dell\desktop\targets\18-23\strategy\strategy\debug\vc140.idb
c:\users\dell\desktop\targets\18-23\strategy\strategy\debug\vc140.pdb
c:\users\dell\desktop\targets\18-23\strategy\debug\strategy.pdb
c:\users\dell\desktop\targets\18-23\strategy\debug\strategy.exe
c:\users\dell\desktop\targets\18-23\strategy\debug\strategy.ilk
c:\users\dell\desktop\targets\18-23\strategy\strategy\debug\strategy.tlog\cl.command.1.tlog
c:\users\dell\desktop\targets\18-23\strategy\strategy\debug\strategy.tlog\cl.read.1.tlog
c:\users\dell\desktop\targets\18-23\strategy\strategy\debug\strategy.tlog\cl.write.1.tlog
c:\users\dell\desktop\targets\18-23\strategy\strategy\debug\strategy.tlog\link.command.1.tlog
c:\users\dell\desktop\targets\18-23\strategy\strategy\debug\strategy.tlog\link.read.1.tlog
c:\users\dell\desktop\targets\18-23\strategy\strategy\debug\strategy.tlog\link.write.1.tlog
