d:\vistudio\patterns\singleton_(try1)\singleton_(try1)\debug\singleton_(try1).pch
d:\vistudio\patterns\singleton_(try1)\singleton_(try1)\debug\vc140.pdb
d:\vistudio\patterns\singleton_(try1)\singleton_(try1)\debug\vc140.idb
d:\vistudio\patterns\singleton_(try1)\singleton_(try1)\debug\stdafx.obj
d:\vistudio\patterns\singleton_(try1)\singleton_(try1)\debug\singleton.obj
d:\vistudio\patterns\singleton_(try1)\singleton_(try1)\debug\singleton_(try1).obj
d:\vistudio\patterns\singleton_(try1)\debug\singleton_(try1).ilk
d:\vistudio\patterns\singleton_(try1)\debug\singleton_(try1).exe
d:\vistudio\patterns\singleton_(try1)\debug\singleton_(try1).pdb
c:\users\dell\desktop\targets\24-31\singleton_(try1)\singleton_(try1)\debug\singleton.obj
c:\users\dell\desktop\targets\24-31\singleton_(try1)\singleton_(try1)\debug\singleton_(try1).obj
c:\users\dell\desktop\targets\24-31\singleton_(try1)\singleton_(try1)\debug\stdafx.obj
c:\users\dell\desktop\targets\24-31\singleton_(try1)\singleton_(try1)\debug\singleton_(try1).pch
c:\users\dell\desktop\targets\24-31\singleton_(try1)\singleton_(try1)\debug\vc140.idb
c:\users\dell\desktop\targets\24-31\singleton_(try1)\singleton_(try1)\debug\vc140.pdb
c:\users\dell\desktop\targets\24-31\singleton_(try1)\debug\singleton_(try1).pdb
c:\users\dell\desktop\targets\24-31\singleton_(try1)\debug\singleton_(try1).exe
c:\users\dell\desktop\targets\24-31\singleton_(try1)\debug\singleton_(try1).ilk
c:\users\dell\desktop\targets\24-31\singleton_(try1)\singleton_(try1)\debug\singleton_(try1).tlog\cl.command.1.tlog
c:\users\dell\desktop\targets\24-31\singleton_(try1)\singleton_(try1)\debug\singleton_(try1).tlog\cl.read.1.tlog
c:\users\dell\desktop\targets\24-31\singleton_(try1)\singleton_(try1)\debug\singleton_(try1).tlog\cl.write.1.tlog
c:\users\dell\desktop\targets\24-31\singleton_(try1)\singleton_(try1)\debug\singleton_(try1).tlog\link.command.1.tlog
c:\users\dell\desktop\targets\24-31\singleton_(try1)\singleton_(try1)\debug\singleton_(try1).tlog\link.read.1.tlog
c:\users\dell\desktop\targets\24-31\singleton_(try1)\singleton_(try1)\debug\singleton_(try1).tlog\link.write.1.tlog
